<?xml version="1.0" encoding="UTF-8"?>
<testng-results ignored="0" total="2" passed="2" failed="0" skipped="0">
  <reporter-output>
  </reporter-output>
  <suite started-at="2022-11-09T01:48:52 GMT" name="Suite" finished-at="2022-11-09T01:49:04 GMT" duration-ms="12279">
    <groups>
    </groups>
    <test started-at="2022-11-09T01:48:52 GMT" name="OpenCart Test" finished-at="2022-11-09T01:49:04 GMT" duration-ms="12279">
      <class name="com.Testcases.TC_001_AccountRegistrationTest">
        <test-method is-config="true" signature="setup(java.lang.String)[pri:0, instance:com.Testcases.TC_001_AccountRegistrationTest@5f049ea1]" started-at="2022-11-09T01:48:52 GMT" name="setup" finished-at="2022-11-09T01:48:56 GMT" duration-ms="4245" status="PASS">
          <params>
            <param index="0">
              <value>
                <![CDATA[chrome]]>
              </value>
            </param>
          </params>
          <reporter-output>
          </reporter-output>
        </test-method> <!-- setup -->
        <test-method signature="test_account_registration()[pri:0, instance:com.Testcases.TC_001_AccountRegistrationTest@5f049ea1]" started-at="2022-11-09T01:48:56 GMT" name="test_account_registration" finished-at="2022-11-09T01:49:00 GMT" duration-ms="4207" status="PASS">
          <reporter-output>
          </reporter-output>
        </test-method> <!-- test_account_registration -->
        <test-method is-config="true" signature="tearDown()[pri:0, instance:com.Testcases.TC_001_AccountRegistrationTest@5f049ea1]" started-at="2022-11-09T01:49:00 GMT" name="tearDown" finished-at="2022-11-09T01:49:01 GMT" duration-ms="573" status="PASS">
          <reporter-output>
          </reporter-output>
        </test-method> <!-- tearDown -->
      </class> <!-- com.Testcases.TC_001_AccountRegistrationTest -->
      <class name="com.Testcases.TC_002_LoginTest">
        <test-method is-config="true" signature="setup(java.lang.String)[pri:0, instance:com.Testcases.TC_002_LoginTest@68c9133c]" started-at="2022-11-09T01:49:01 GMT" name="setup" finished-at="2022-11-09T01:49:02 GMT" duration-ms="1565" status="PASS">
          <params>
            <param index="0">
              <value>
                <![CDATA[chrome]]>
              </value>
            </param>
          </params>
          <reporter-output>
          </reporter-output>
        </test-method> <!-- setup -->
        <test-method signature="loginTest()[pri:0, instance:com.Testcases.TC_002_LoginTest@68c9133c]" started-at="2022-11-09T01:49:02 GMT" name="loginTest" finished-at="2022-11-09T01:49:03 GMT" duration-ms="838" status="PASS">
          <reporter-output>
          </reporter-output>
        </test-method> <!-- loginTest -->
        <test-method is-config="true" signature="tearDown()[pri:0, instance:com.Testcases.TC_002_LoginTest@68c9133c]" started-at="2022-11-09T01:49:03 GMT" name="tearDown" finished-at="2022-11-09T01:49:04 GMT" duration-ms="490" status="PASS">
          <reporter-output>
          </reporter-output>
        </test-method> <!-- tearDown -->
      </class> <!-- com.Testcases.TC_002_LoginTest -->
    </test> <!-- OpenCart Test -->
  </suite> <!-- Suite -->
</testng-results>
