<?xml version="1.0" encoding="UTF-8"?>
<testng-results ignored="0" total="2" passed="2" failed="0" skipped="0">
  <reporter-output>
  </reporter-output>
  <suite started-at="2022-11-09T02:32:15 GMT" name="Suite" finished-at="2022-11-09T02:32:28 GMT" duration-ms="12559">
    <groups>
    </groups>
    <test started-at="2022-11-09T02:32:15 GMT" name="OpenCart Test" finished-at="2022-11-09T02:32:28 GMT" duration-ms="12559">
      <class name="com.Testcases.TC_001_AccountRegistrationTest">
        <test-method is-config="true" signature="setup(java.lang.String)[pri:0, instance:com.Testcases.TC_001_AccountRegistrationTest@5f049ea1]" started-at="2022-11-09T02:32:16 GMT" name="setup" finished-at="2022-11-09T02:32:20 GMT" duration-ms="4697" status="PASS">
          <params>
            <param index="0">
              <value>
                <![CDATA[chrome]]>
              </value>
            </param>
          </params>
          <reporter-output>
          </reporter-output>
        </test-method> <!-- setup -->
        <test-method signature="test_account_registration()[pri:0, instance:com.Testcases.TC_001_AccountRegistrationTest@5f049ea1]" started-at="2022-11-09T02:32:20 GMT" name="test_account_registration" finished-at="2022-11-09T02:32:25 GMT" duration-ms="4127" status="PASS">
          <reporter-output>
          </reporter-output>
        </test-method> <!-- test_account_registration -->
        <test-method is-config="true" signature="tearDown()[pri:0, instance:com.Testcases.TC_001_AccountRegistrationTest@5f049ea1]" started-at="2022-11-09T02:32:25 GMT" name="tearDown" finished-at="2022-11-09T02:32:25 GMT" duration-ms="508" status="PASS">
          <reporter-output>
          </reporter-output>
        </test-method> <!-- tearDown -->
      </class> <!-- com.Testcases.TC_001_AccountRegistrationTest -->
      <class name="com.Testcases.TC_002_LoginTest">
        <test-method is-config="true" signature="setup(java.lang.String)[pri:0, instance:com.Testcases.TC_002_LoginTest@68c9133c]" started-at="2022-11-09T02:32:25 GMT" name="setup" finished-at="2022-11-09T02:32:27 GMT" duration-ms="1492" status="PASS">
          <params>
            <param index="0">
              <value>
                <![CDATA[chrome]]>
              </value>
            </param>
          </params>
          <reporter-output>
          </reporter-output>
        </test-method> <!-- setup -->
        <test-method signature="loginTest()[pri:0, instance:com.Testcases.TC_002_LoginTest@68c9133c]" started-at="2022-11-09T02:32:27 GMT" name="loginTest" finished-at="2022-11-09T02:32:27 GMT" duration-ms="836" status="PASS">
          <reporter-output>
          </reporter-output>
        </test-method> <!-- loginTest -->
        <test-method is-config="true" signature="tearDown()[pri:0, instance:com.Testcases.TC_002_LoginTest@68c9133c]" started-at="2022-11-09T02:32:27 GMT" name="tearDown" finished-at="2022-11-09T02:32:28 GMT" duration-ms="553" status="PASS">
          <reporter-output>
          </reporter-output>
        </test-method> <!-- tearDown -->
      </class> <!-- com.Testcases.TC_002_LoginTest -->
    </test> <!-- OpenCart Test -->
  </suite> <!-- Suite -->
</testng-results>
