<?xml version="1.0" encoding="UTF-8"?>
<testng-results ignored="0" total="1" passed="1" failed="0" skipped="0">
  <reporter-output>
  </reporter-output>
  <suite started-at="2022-11-07T23:38:22 GMT" name="Default suite" finished-at="2022-11-07T23:38:36 GMT" duration-ms="14212">
    <groups>
    </groups>
    <test started-at="2022-11-07T23:38:22 GMT" name="Default test" finished-at="2022-11-07T23:38:36 GMT" duration-ms="14212">
      <class name="com.Testcases.TC_001_AccountRegistrationTest">
        <test-method is-config="true" signature="setup(java.lang.String)[pri:0, instance:com.Testcases.TC_001_AccountRegistrationTest@1fa121e2]" started-at="2022-11-07T23:38:22 GMT" name="setup" finished-at="2022-11-07T23:38:31 GMT" duration-ms="8734" status="PASS">
          <params>
            <param index="0">
              <value>
                <![CDATA[param-val-not-found]]>
              </value>
            </param>
          </params>
          <reporter-output>
          </reporter-output>
        </test-method> <!-- setup -->
        <test-method signature="test_account_registration()[pri:0, instance:com.Testcases.TC_001_AccountRegistrationTest@1fa121e2]" started-at="2022-11-07T23:38:31 GMT" name="test_account_registration" finished-at="2022-11-07T23:38:35 GMT" duration-ms="4229" status="PASS">
          <reporter-output>
          </reporter-output>
        </test-method> <!-- test_account_registration -->
        <test-method is-config="true" signature="tearDown()[pri:0, instance:com.Testcases.TC_001_AccountRegistrationTest@1fa121e2]" started-at="2022-11-07T23:38:35 GMT" name="tearDown" finished-at="2022-11-07T23:38:36 GMT" duration-ms="1187" status="PASS">
          <reporter-output>
          </reporter-output>
        </test-method> <!-- tearDown -->
      </class> <!-- com.Testcases.TC_001_AccountRegistrationTest -->
    </test> <!-- Default test -->
  </suite> <!-- Default suite -->
</testng-results>
