<?xml version="1.0" encoding="UTF-8"?>
<testng-results ignored="0" total="2" passed="2" failed="0" skipped="0">
  <reporter-output>
  </reporter-output>
  <suite started-at="2022-11-09T01:44:23 GMT" name="Suite" finished-at="2022-11-09T01:44:34 GMT" duration-ms="11308">
    <groups>
    </groups>
    <test started-at="2022-11-09T01:44:23 GMT" name="OpenCart Test" finished-at="2022-11-09T01:44:34 GMT" duration-ms="11308">
      <class name="com.Testcases.TC_001_AccountRegistrationTest">
        <test-method is-config="true" signature="setup(java.lang.String)[pri:0, instance:com.Testcases.TC_001_AccountRegistrationTest@6150c3ec]" started-at="2022-11-09T01:44:23 GMT" name="setup" finished-at="2022-11-09T01:44:26 GMT" duration-ms="3134" status="PASS">
          <params>
            <param index="0">
              <value>
                <![CDATA[chrome]]>
              </value>
            </param>
          </params>
          <reporter-output>
          </reporter-output>
        </test-method> <!-- setup -->
        <test-method signature="test_account_registration()[pri:0, instance:com.Testcases.TC_001_AccountRegistrationTest@6150c3ec]" started-at="2022-11-09T01:44:27 GMT" name="test_account_registration" finished-at="2022-11-09T01:44:31 GMT" duration-ms="4287" status="PASS">
          <reporter-output>
          </reporter-output>
        </test-method> <!-- test_account_registration -->
        <test-method is-config="true" signature="tearDown()[pri:0, instance:com.Testcases.TC_001_AccountRegistrationTest@6150c3ec]" started-at="2022-11-09T01:44:31 GMT" name="tearDown" finished-at="2022-11-09T01:44:31 GMT" duration-ms="567" status="PASS">
          <reporter-output>
          </reporter-output>
        </test-method> <!-- tearDown -->
      </class> <!-- com.Testcases.TC_001_AccountRegistrationTest -->
      <class name="com.Testcases.TC_002_LoginTest">
        <test-method is-config="true" signature="setup(java.lang.String)[pri:0, instance:com.Testcases.TC_002_LoginTest@5aa9e4eb]" started-at="2022-11-09T01:44:31 GMT" name="setup" finished-at="2022-11-09T01:44:33 GMT" duration-ms="1688" status="PASS">
          <params>
            <param index="0">
              <value>
                <![CDATA[chrome]]>
              </value>
            </param>
          </params>
          <reporter-output>
          </reporter-output>
        </test-method> <!-- setup -->
        <test-method signature="loginTest()[pri:0, instance:com.Testcases.TC_002_LoginTest@5aa9e4eb]" started-at="2022-11-09T01:44:33 GMT" name="loginTest" finished-at="2022-11-09T01:44:34 GMT" duration-ms="823" status="PASS">
          <reporter-output>
          </reporter-output>
        </test-method> <!-- loginTest -->
        <test-method is-config="true" signature="tearDown()[pri:0, instance:com.Testcases.TC_002_LoginTest@5aa9e4eb]" started-at="2022-11-09T01:44:34 GMT" name="tearDown" finished-at="2022-11-09T01:44:34 GMT" duration-ms="497" status="PASS">
          <reporter-output>
          </reporter-output>
        </test-method> <!-- tearDown -->
      </class> <!-- com.Testcases.TC_002_LoginTest -->
    </test> <!-- OpenCart Test -->
  </suite> <!-- Suite -->
</testng-results>
